info it worked if it ends with ok
verbose cli [ 'c:\\Program Files\\nodejs\\node.exe',
verbose cli   'c:\\Program Files\\nodejs\\node_modules\\npm\\bin\\npm-cli.js',
verbose cli   'install' ]
info using npm@1.1.21
info using node@v0.6.18
verbose config file C:\Users\keichup\.npmrc
verbose config file c:\Program Files\nodejs\etc\npmrc
verbose config file c:\Program Files\nodejs\node_modules\npm\npmrc
ERR! Couldn't read dependencies.
ERR! Failed to parse json
ERR! Unexpected string
ERR! File: d:\git\games\package.json
ERR! JSON.parse Failed to parse package.json data.
ERR! JSON.parse package.json must be actual JSON, not just JavaScript.
ERR! JSON.parse This is not a bug in npm.
ERR! JSON.parse Tell the package author to fix their package.json file.
ERR! 
ERR! System Windows_NT 6.1.7600
ERR! command "c:\\Program Files\\nodejs\\node.exe" "c:\\Program Files\\nodejs\\node_modules\\npm\\bin\\npm-cli.js" "install"
ERR! cwd d:\git\games
ERR! node -v v0.6.18
ERR! npm -v 1.1.21
ERR! file d:\git\games\package.json
ERR! code EJSONPARSE
ERR! message Failed to parse json
ERR! message Unexpected string
ERR! errno {}
verbose exit [ 1, true ]
